
> backend@1.0.0 start
> nodemon --exec "tsx" server.ts

[33m[nodemon] 3.1.10[39m
[33m[nodemon] to restart at any time, enter `rs`[39m
[33m[nodemon] watching path(s): *.*[39m
[33m[nodemon] watching extensions: ts,json[39m
[32m[nodemon] starting `tsx server.ts`[39m
Pipe 3000 is already in use
[31m[nodemon] app crashed - waiting for file changes before starting...[39m
[32m[nodemon] restarting due to changes...[39m
[32m[nodemon] starting `tsx server.ts`[39m
[32m[nodemon] restarting due to changes...[39m
[32m[nodemon] starting `tsx server.ts`[39m
[32m[nodemon] restarting due to changes...[39m
[32m[nodemon] restarting due to changes...[39m
[32m[nodemon] starting `tsx server.ts`[39m
Server running on port 3000
Health check: http://localhost:3000/health
API status: http://localhost:3000/api/status
Environment: development
Pipe 3000 is already in use
[31m[nodemon] app crashed - waiting for file changes before starting...[39m
Database connected successfully
Database connection successful
SIGTERM received, shutting down gracefully
